{"name": "test_enrol_loyalty_card[chrome]", "status": "broken", "statusDetails": {"message": "selenium.common.exceptions.TimeoutException: Message:", "trace": "self = <tests.test_new_user_enrol_payment_card.NewUserEnrolLoyaltyCardTests object at 0x108b7bc10>\n\n    def test_enrol_loyalty_card(self):\n        \"\"\" Enter Email & Click Login Button \"\"\"\n    \n        self.login_page = LoginPage(self.driver)\n        self.onboarding_page = OnboardingPage(self.driver)\n        login_page = self.login_page\n        login_page.perform_login(TestData.USERNAME, TestData.PASSWORD)\n    \n        \"\"\" User Clicks Get Card Button \"\"\"\n>       self.onboarding_page.click_the_get_card_button()\n\ntests/test_new_user_enrol_payment_card.py:20: \n_ _ _ _ _ _ _ _ _ _ _ _ _ _ _ _ _ _ _ _ _ _ _ _ _ _ _ _ _ _ _ _ _ _ _ _ _ _ _ _ _ _ _ _ _ _ _ _ _ _ _ _ _ _ _ _ _ _ _ _ _ _ _ _ _ _ _ _ _ _ _ _ _ _ _ _ _ _ _ _ _ _ _ _ _ _ \npages/OnboardingPage.py:27: in click_the_get_card_button\n    self.perform_click(self.GET_CARD_BUTTON)\npages/BasePage.py:15: in perform_click\n    WebDriverWait(self.driver, 10).until(EC.visibility_of_element_located(by_locator)).click()\n_ _ _ _ _ _ _ _ _ _ _ _ _ _ _ _ _ _ _ _ _ _ _ _ _ _ _ _ _ _ _ _ _ _ _ _ _ _ _ _ _ _ _ _ _ _ _ _ _ _ _ _ _ _ _ _ _ _ _ _ _ _ _ _ _ _ _ _ _ _ _ _ _ _ _ _ _ _ _ _ _ _ _ _ _ _ \n\nself = <selenium.webdriver.support.wait.WebDriverWait (session=\"b00a7a1bfa154f432938e810fc2ac416\")>\nmethod = <selenium.webdriver.support.expected_conditions.visibility_of_element_located object at 0x108c93160>, message = ''\n\n    def until(self, method, message=''):\n        \"\"\"Calls the method provided with the driver as an argument until the \\\n        return value is not False.\"\"\"\n        screen = None\n        stacktrace = None\n    \n        end_time = time.time() + self._timeout\n        while True:\n            try:\n                value = method(self._driver)\n                if value:\n                    return value\n            except self._ignored_exceptions as exc:\n                screen = getattr(exc, 'screen', None)\n                stacktrace = getattr(exc, 'stacktrace', None)\n            time.sleep(self._poll)\n            if time.time() > end_time:\n                break\n>       raise TimeoutException(message, screen, stacktrace)\nE       selenium.common.exceptions.TimeoutException: Message:\n\n../../../.pyenv/versions/venvqa/lib/python3.8/site-packages/selenium/webdriver/support/wait.py:80: TimeoutException"}, "description": " Enter Email & Click Login Button ", "attachments": [{"name": "log", "source": "7f1b8894-fc7f-484e-8c9b-a2aadc5a723d-attachment.txt", "type": "text/plain"}, {"name": "stdout", "source": "a00bc1c9-4c53-4815-a0fe-d0087cab7410-attachment.txt", "type": "text/plain"}, {"name": "stderr", "source": "861a3bd5-3960-41e1-b800-ccde741e555c-attachment.txt", "type": "text/plain"}], "parameters": [{"name": "init_driver", "value": "'chrome'"}], "start": 1617188823285, "stop": 1617188835221, "uuid": "7c4c5d05-9b26-46ef-bcf7-93bb4e8d2cfa", "historyId": "6113071ba0a7ced019d464720a18d6f6", "testCaseId": "ecc7e362bcde89eef8920f39b4b1c2a6", "fullName": "tests.test_new_user_enrol_payment_card.NewUserEnrolLoyaltyCardTests#test_enrol_loyalty_card", "labels": [{"name": "tag", "value": "@pytest.mark.usefixtures('init_driver')"}, {"name": "parentSuite", "value": "tests"}, {"name": "suite", "value": "test_new_user_enrol_payment_card"}, {"name": "subSuite", "value": "NewUserEnrolLoyaltyCardTests"}, {"name": "host", "value": "FVFWJ03PHV2J"}, {"name": "thread", "value": "63151-MainThread"}, {"name": "framework", "value": "pytest"}, {"name": "language", "value": "cpython3"}, {"name": "package", "value": "tests.test_new_user_enrol_payment_card"}]}