{"name": "test_add_one_payment_card[chrome]", "status": "broken", "statusDetails": {"message": "selenium.common.exceptions.TimeoutException: Message:", "trace": "self = <tests.test_add_american_express_payment_cards.AddAmexPaymentCardTests object at 0x10e1ff460>\n\n    def test_add_one_payment_card(self):\n        \"\"\" Enter Email & Click Login Button \"\"\"\n    \n        self.login_page = LoginPage(self.driver)\n        self.account_page = AccountPage(self.driver)\n        login_page = self.login_page\n        account_page = self.account_page\n    \n        login_page.perform_login(TestData.USERNAME, TestData.PASSWORD)\n    \n        \"\"\" Add AMEX Payment Card \"\"\"\n    \n>       account_page.add_payment_card(AMEX_CARD_NUMBER_SPREEDLY, AMEX_EXPIRY_DATE,\n                                      AMEX_CARD_NAME)\n\ntests/test_add_american_express_payment_cards.py:26: \n_ _ _ _ _ _ _ _ _ _ _ _ _ _ _ _ _ _ _ _ _ _ _ _ _ _ _ _ _ _ _ _ _ _ _ _ _ _ _ _ _ _ _ _ _ _ _ _ _ _ _ _ _ _ _ _ _ _ _ _ _ _ _ _ _ _ _ _ _ _ _ _ _ _ _ _ _ _ _ _ _ _ _ _ _ _ \npages/AccountPage.py:39: in add_payment_card\n    self.perform_click(self.ADD_PAYMENT_CARD_BUTTON)\npages/BasePage.py:15: in perform_click\n    WebDriverWait(self.driver, 10).until(EC.visibility_of_element_located(by_locator)).click()\n_ _ _ _ _ _ _ _ _ _ _ _ _ _ _ _ _ _ _ _ _ _ _ _ _ _ _ _ _ _ _ _ _ _ _ _ _ _ _ _ _ _ _ _ _ _ _ _ _ _ _ _ _ _ _ _ _ _ _ _ _ _ _ _ _ _ _ _ _ _ _ _ _ _ _ _ _ _ _ _ _ _ _ _ _ _ \n\nself = <selenium.webdriver.support.wait.WebDriverWait (session=\"c35a2b205e7e2a25c876349c0540f475\")>\nmethod = <selenium.webdriver.support.expected_conditions.visibility_of_element_located object at 0x10e1e6520>, message = ''\n\n    def until(self, method, message=''):\n        \"\"\"Calls the method provided with the driver as an argument until the \\\n        return value is not False.\"\"\"\n        screen = None\n        stacktrace = None\n    \n        end_time = time.time() + self._timeout\n        while True:\n            try:\n                value = method(self._driver)\n                if value:\n                    return value\n            except self._ignored_exceptions as exc:\n                screen = getattr(exc, 'screen', None)\n                stacktrace = getattr(exc, 'stacktrace', None)\n            time.sleep(self._poll)\n            if time.time() > end_time:\n                break\n>       raise TimeoutException(message, screen, stacktrace)\nE       selenium.common.exceptions.TimeoutException: Message:\n\n../../../.pyenv/versions/venvqa/lib/python3.8/site-packages/selenium/webdriver/support/wait.py:80: TimeoutException"}, "description": " Enter Email & Click Login Button ", "attachments": [{"name": "log", "source": "d4ee2c0f-5c1e-4d1f-9214-efeafb967c90-attachment.txt", "type": "text/plain"}, {"name": "stdout", "source": "107cb288-bd9b-453d-8e39-bb0bf544852f-attachment.txt", "type": "text/plain"}, {"name": "stderr", "source": "71e1f59b-e499-4729-862a-54b35a7e9ce1-attachment.txt", "type": "text/plain"}], "parameters": [{"name": "init_driver", "value": "'chrome'"}], "start": 1617720085018, "stop": 1617720101312, "uuid": "b723d7fe-1f12-4895-8855-ef206e16e982", "historyId": "6d2614bc19098a30b74e8aa1017de51c", "testCaseId": "114357ee6476298e6aac8a3848a2c101", "fullName": "tests.test_add_american_express_payment_cards.AddAmexPaymentCardTests#test_add_one_payment_card", "labels": [{"name": "tag", "value": "@pytest.mark.usefixtures('init_driver')"}, {"name": "parentSuite", "value": "tests"}, {"name": "suite", "value": "test_add_american_express_payment_cards"}, {"name": "subSuite", "value": "AddAmexPaymentCardTests"}, {"name": "host", "value": "FVFWJ03PHV2J"}, {"name": "thread", "value": "90755-MainThread"}, {"name": "framework", "value": "pytest"}, {"name": "language", "value": "cpython3"}, {"name": "package", "value": "tests.test_add_american_express_payment_cards"}]}